<?xml version="1.0" encoding="UTF-8"?>
<testsuite xmlns:xsi="http://www.w3.org/2001/XMLSchema-instance" xsi:noNamespaceSchemaLocation="https://maven.apache.org/surefire/maven-surefire-plugin/xsd/surefire-test-report-3.0.xsd" version="3.0" name="com.metaarch.theatremanagement.TheatreManagementServiceApplicationTests" time="8.894" tests="1" errors="0" skipped="0" failures="0">
  <properties>
[...]
</properties>
  <testcase name="contextLoads" classname="com.metaarch.theatremanagement.TheatreManagementServiceApplicationTests" time="0.037">
    <system-out><![CDATA[12:23:01.938 [main] INFO org.springframework.test.context.support.AnnotationConfigContextLoaderUtils -- Could not detect default configuration classes for test class [com.metaarch.theatremanagement.TheatreManagementServiceApplicationTests]: TheatreManagementServiceApplicationTests does not declare any static, non-private, non-final, nested classes annotated with @Configuration.
12:23:02.070 [main] INFO org.springframework.boot.test.context.SpringBootTestContextBootstrapper -- Found @SpringBootConfiguration com.metaarch.theatremanagement.TheatreManagementServiceApplication for test class com.metaarch.theatremanagement.TheatreManagementServiceApplicationTests

  .   ____          _            __ _ _
 /\\ / ___'_ __ _ _(_)_ __  __ _ \ \ \ \
( ( )\___ | '_ | '_| | '_ \/ _` | \ \ \ \
 \\/  ___)| |_)| | | | | || (_| |  ) ) ) )
  '  |____| .__|_| |_|_| |_\__, | / / / /
 =========|_|==============|___/=/_/_/_/
 :: Spring Boot ::                (v3.2.5)

2026-07-02T12:23:02.721+05:30  INFO 17644 --- [           main] TheatreManagementServiceApplicationTests : Starting TheatreManagementServiceApplicationTests using Java 21.0.7 with PID 17644 (started by panja in D:\Slokam\MicroServices\MIcroServices\theatre-management-service)
2026-07-02T12:23:02.721+05:30  INFO 17644 --- [           main] TheatreManagementServiceApplicationTests : No active profile set, falling back to 1 default profile: "default"
2026-07-02T12:23:03.938+05:30  INFO 17644 --- [           main] .s.d.r.c.RepositoryConfigurationDelegate : Bootstrapping Spring Data JPA repositories in DEFAULT mode.
2026-07-02T12:23:04.096+05:30  INFO 17644 --- [           main] .s.d.r.c.RepositoryConfigurationDelegate : Finished Spring Data repository scanning in 144 ms. Found 2 JPA repository interfaces.
2026-07-02T12:23:04.512+05:30  INFO 17644 --- [           main] o.s.cloud.context.scope.GenericScope     : BeanFactory id=0fcf97b8-d84a-380a-ae09-14d26b9a20b2
2026-07-02T12:23:05.871+05:30  WARN 17644 --- [           main] trationDelegate$BeanPostProcessorChecker : Bean 'org.springframework.cloud.client.loadbalancer.LoadBalancerAutoConfiguration$DeferringLoadBalancerInterceptorConfig' of type [org.springframework.cloud.client.loadbalancer.LoadBalancerAutoConfiguration$DeferringLoadBalancerInterceptorConfig] is not eligible for getting processed by all BeanPostProcessors (for example: not eligible for auto-proxying). The currently created BeanPostProcessor [lbRestClientPostProcessor] is declared through a non-static factory method on that class; consider declaring it as static instead.
2026-07-02T12:23:05.876+05:30  WARN 17644 --- [           main] trationDelegate$BeanPostProcessorChecker : Bean 'deferringLoadBalancerInterceptor' of type [org.springframework.cloud.client.loadbalancer.DeferringLoadBalancerInterceptor] is not eligible for getting processed by all BeanPostProcessors (for example: not eligible for auto-proxying). Is this bean getting eagerly injected into a currently created BeanPostProcessor [lbRestClientPostProcessor]? Check the corresponding BeanPostProcessor declaration and its dependencies.
2026-07-02T12:23:05.878+05:30  WARN 17644 --- [           main] trationDelegate$BeanPostProcessorChecker : Bean 'org.springframework.cloud.client.loadbalancer.reactive.LoadBalancerBeanPostProcessorAutoConfiguration' of type [org.springframework.cloud.client.loadbalancer.reactive.LoadBalancerBeanPostProcessorAutoConfiguration] is not eligible for getting processed by all BeanPostProcessors (for example: not eligible for auto-proxying). The currently created BeanPostProcessor [loadBalancerWebClientBuilderBeanPostProcessor] is declared through a non-static factory method on that class; consider declaring it as static instead.
2026-07-02T12:23:05.881+05:30  WARN 17644 --- [           main] trationDelegate$BeanPostProcessorChecker : Bean 'org.springframework.cloud.client.loadbalancer.reactive.LoadBalancerBeanPostProcessorAutoConfiguration$ReactorDeferringLoadBalancerFilterConfig' of type [org.springframework.cloud.client.loadbalancer.reactive.LoadBalancerBeanPostProcessorAutoConfiguration$ReactorDeferringLoadBalancerFilterConfig] is not eligible for getting processed by all BeanPostProcessors (for example: not eligible for auto-proxying). Is this bean getting eagerly injected into a currently created BeanPostProcessor [loadBalancerWebClientBuilderBeanPostProcessor]? Check the corresponding BeanPostProcessor declaration and its dependencies.
2026-07-02T12:23:05.885+05:30  WARN 17644 --- [           main] trationDelegate$BeanPostProcessorChecker : Bean 'reactorDeferringLoadBalancerExchangeFilterFunction' of type [org.springframework.cloud.client.loadbalancer.reactive.DeferringLoadBalancerExchangeFilterFunction] is not eligible for getting processed by all BeanPostProcessors (for example: not eligible for auto-proxying). Is this bean getting eagerly injected into a currently created BeanPostProcessor [loadBalancerWebClientBuilderBeanPostProcessor]? Check the corresponding BeanPostProcessor declaration and its dependencies.
2026-07-02T12:23:06.149+05:30  INFO 17644 --- [           main] o.hibernate.jpa.internal.util.LogHelper  : HHH000204: Processing PersistenceUnitInfo [name: default]
2026-07-02T12:23:06.252+05:30  INFO 17644 --- [           main] org.hibernate.Version                    : HHH000412: Hibernate ORM core version 6.4.4.Final
2026-07-02T12:23:06.312+05:30  INFO 17644 --- [           main] o.h.c.internal.RegionFactoryInitiator    : HHH000026: Second-level cache disabled
2026-07-02T12:23:06.508+05:30  INFO 17644 --- [           main] o.s.o.j.p.SpringPersistenceUnitInfo      : No LoadTimeWeaver setup: ignoring JPA class transformer
2026-07-02T12:23:06.566+05:30  INFO 17644 --- [           main] com.zaxxer.hikari.HikariDataSource       : HikariPool-1 - Starting...
2026-07-02T12:23:06.852+05:30  INFO 17644 --- [           main] com.zaxxer.hikari.pool.HikariPool        : HikariPool-1 - Added connection conn0: url=jdbc:h2:mem:theatre_management user=SA
2026-07-02T12:23:06.852+05:30  INFO 17644 --- [           main] com.zaxxer.hikari.HikariDataSource       : HikariPool-1 - Start completed.
2026-07-02T12:23:08.211+05:30  INFO 17644 --- [           main] o.h.e.t.j.p.i.JtaPlatformInitiator       : HHH000489: No JTA platform available (set 'hibernate.transaction.jta.platform' to enable JTA platform integration)
2026-07-02T12:23:08.276+05:30  INFO 17644 --- [           main] j.LocalContainerEntityManagerFactoryBean : Initialized JPA EntityManagerFactory for persistence unit 'default'
2026-07-02T12:23:09.062+05:30  WARN 17644 --- [           main] JpaBaseConfiguration$JpaWebConfiguration : spring.jpa.open-in-view is enabled by default. Therefore, database queries may be performed during view rendering. Explicitly configure spring.jpa.open-in-view to disable this warning
2026-07-02T12:23:09.616+05:30  INFO 17644 --- [           main] o.s.s.web.DefaultSecurityFilterChain     : Will secure any request with [org.springframework.security.web.session.DisableEncodeUrlFilter@61fe5253, org.springframework.security.web.context.request.async.WebAsyncManagerIntegrationFilter@7b2a6ed3, org.springframework.security.web.context.SecurityContextHolderFilter@53f67af6, org.springframework.security.web.header.HeaderWriterFilter@3e5e7f4c, org.springframework.web.filter.CorsFilter@28993a77, org.springframework.security.web.authentication.logout.LogoutFilter@14d44e72, org.springframework.security.oauth2.server.resource.web.authentication.BearerTokenAuthenticationFilter@28bf7bea, org.springframework.security.web.savedrequest.RequestCacheAwareFilter@35abfeba, org.springframework.security.web.servletapi.SecurityContextHolderAwareRequestFilter@7b031f53, org.springframework.security.web.authentication.AnonymousAuthenticationFilter@2c6b36d7, org.springframework.security.web.session.SessionManagementFilter@4149067d, org.springframework.security.web.access.ExceptionTranslationFilter@6be6cb16, org.springframework.security.web.access.intercept.AuthorizationFilter@1ccfa4b8]
2026-07-02T12:23:10.456+05:30  INFO 17644 --- [           main] DiscoveryClientOptionalArgsConfiguration : Eureka HTTP Client uses RestTemplate.
2026-07-02T12:23:10.528+05:30  WARN 17644 --- [           main] iguration$LoadBalancerCaffeineWarnLogger : Spring Cloud LoadBalancer is currently working with the default cache. While this cache implementation is useful for development and tests, it's recommended to use Caffeine cache in production.You can switch to using Caffeine cache, by adding it and org.springframework.cache.caffeine.CaffeineCacheManager to the classpath.
2026-07-02T12:23:10.585+05:30  INFO 17644 --- [           main] TheatreManagementServiceApplicationTests : Started TheatreManagementServiceApplicationTests in 8.296 seconds (process running for 9.428)
]]></system-out>
    <system-err><![CDATA[WARNING: A Java agent has been loaded dynamically (C:\Users\panja\.m2\repository\net\bytebuddy\byte-buddy-agent\1.14.13\byte-buddy-agent-1.14.13.jar)
WARNING: If a serviceability tool is in use, please run with -XX:+EnableDynamicAgentLoading to hide this warning
WARNING: If a serviceability tool is not in use, please run with -Djdk.instrument.traceUsage for more information
WARNING: Dynamic loading of agents will be disallowed by default in a future release
]]></system-err>
  </testcase>
</testsuite>